Arguments: 
  /usr/local/bin/node /opt/yarn-v1.22.19/bin/yarn.js run watch-bind-test

PATH: 
  /vscode/vscode-server/bin/linux-arm64/252e5463d60e63238250799aef7375787f68b4ee/bin/remote-cli:/usr/local/share/nvm/current/bin:/usr/local/share/npm-global/bin:/usr/local/share/nvm/current/bin:/usr/local/share/npm-global/bin:/usr/local/sbin:/usr/local/bin:/usr/sbin:/usr/bin:/sbin:/bin:/home/node/.local/bin

Yarn version: 
  1.22.19

Node version: 
  20.0.0

Platform: 
  linux arm64

Trace: 
  SyntaxError: /workspaces/DCVite/blockchain/package.json: Expected ',' or '}' after property value in JSON at position 301
      at JSON.parse (<anonymous>)
      at /opt/yarn-v1.22.19/lib/cli.js:1629:59
      at Generator.next (<anonymous>)
      at step (/opt/yarn-v1.22.19/lib/cli.js:310:30)
      at /opt/yarn-v1.22.19/lib/cli.js:321:13

npm manifest: 
  {
    "name": "blockchain",
    "version": "1.0.0",
    "scripts": {
      "bind+test": "npm run gen-binding && ./run_test.sh",
      "test": "./run_test.sh",
      "watch-bind": "chokidar 'contracts/*.arl' -c 'npm run gen-binding'",
      "watch-bind-test": "chokidar 'contracts/*.arl' -c 'npm run bind+test'"
      "gen-binding": "completium-cli run binder-ts",
      "completium_init": "completium-cli init",
      "mockup_init": "completium-cli mockup init"
    },
    "dependencies": {
      "@completium/archetype-ts-types": "latest",
      "@completium/completium-cli": "latest",
      "@completium/experiment-ts": "latest"
    },
    "devDependencies": {
      "@types/expect": "^24.3.0",
      "@types/mocha": "^10.0.0",
      "chokidar": "^3.5.3",
      "mocha": "^10.2.0",
      "ts-mocha": "^10.0.0",
      "typescript": "4.7.4"
    },
    "completium": {
      "binding_path": "./tests/binding/",
      "build_path": "./build/",
      "contracts_path": "./contracts/",
      "tests_path": "./tests/"
    }
  }

yarn manifest: 
  No manifest

Lockfile: 
  No lockfile
